This is pdfTeX, Version 3.141592653-2.6-1.40.27 (MiKTeX 25.4) (preloaded format=pdflatex 2025.10.27)  10 MAR 2026 23:31
entering extended mode
 restricted \write18 enabled.
 file:line:error style messages enabled.
 %&-line parsing enabled.
**c:/Users/diego/Downloads/LIBREO_TESIS_CRACK/slides/slides.tex
(c:/Users/diego/Downloads/LIBREO_TESIS_CRACK/slides/slides.tex
LaTeX2e <2025-06-01> patch level 1
L3 programming layer <2025-10-09>
(C:\Users\diego\AppData\Local\Programs\MiKTeX\tex/latex/beamer\beamer.cls
Document Class: beamer 2026/01/22 v3.77 A class for typesetting presentations
(C:\Users\diego\AppData\Local\Programs\MiKTeX\tex/latex/beamer\beamerbasemodes.sty (C:\Users\diego\AppData\Local\Programs\MiKTeX\tex/latex/etoolbox\etoolbox.sty
Package: etoolbox 2025/10/02 v2.5m e-TeX tools for LaTeX (JAW)
\etb@tempcnta=\count275
)
\beamer@tempbox=\box53
\beamer@tempcount=\count276
\c@beamerpauses=\count277
 (C:\Users\diego\AppData\Local\Programs\MiKTeX\tex/latex/beamer\beamerbasedecode.sty
\beamer@slideinframe=\count278
\beamer@minimum=\count279
\beamer@decode@box=\box54
)
\beamer@commentbox=\box55
\beamer@modecount=\count280
) (C:\Users\diego\AppData\Local\Programs\MiKTeX\tex/generic/iftex\iftex.sty
Package: iftex 2024/12/12 v1.0g TeX engine tests
)
\headdp=\dimen148
\footheight=\dimen149
\sidebarheight=\dimen150
\beamer@tempdim=\dimen151
\beamer@finalheight=\dimen152
\beamer@animht=\dimen153
\beamer@animdp=\dimen154
\beamer@animwd=\dimen155
\beamer@leftmargin=\dimen156
\beamer@rightmargin=\dimen157
\beamer@leftsidebar=\dimen158
\beamer@rightsidebar=\dimen159
\beamer@boxsize=\dimen160
\beamer@vboxoffset=\dimen161
\beamer@descdefault=\dimen162
\beamer@descriptionwidth=\dimen163
\beamer@lastskip=\skip49
\beamer@areabox=\box56
\beamer@animcurrent=\box57
\beamer@animshowbox=\box58
\beamer@sectionbox=\box59
\beamer@logobox=\box60
\beamer@linebox=\box61
\beamer@sectioncount=\count281
\beamer@subsubsectionmax=\count282
\beamer@subsectionmax=\count283
\beamer@sectionmax=\count284
\beamer@totalheads=\count285
\beamer@headcounter=\count286
\beamer@partstartpage=\count287
\beamer@sectionstartpage=\count288
\beamer@subsectionstartpage=\count289
\beamer@animationtempa=\count290
\beamer@animationtempb=\count291
\beamer@xpos=\count292
\beamer@ypos=\count293
\beamer@ypos@offset=\count294
\beamer@showpartnumber=\count295
\beamer@currentsubsection=\count296
\beamer@coveringdepth=\count297
\beamer@sectionadjust=\count298
\beamer@toclastsection=\count299
\beamer@tocsectionnumber=\count300
 (C:\Users\diego\AppData\Local\Programs\MiKTeX\tex/latex/beamer\beamerbaseoptions.sty (C:\Users\diego\AppData\Local\Programs\MiKTeX\tex/latex/graphics\keyval.sty
Package: keyval 2022/05/29 v1.15 key=value parser (DPC)
\KV@toks@=\toks17
))
\beamer@paperwidth=\skip50
\beamer@paperheight=\skip51
 (C:\Users\diego\AppData\Local\Programs\MiKTeX\tex/latex/geometry\geometry.sty
Package: geometry 2020/01/02 v5.9 Page Geometry
 (C:\Users\diego\AppData\Local\Programs\MiKTeX\tex/generic/iftex\ifvtex.sty
Package: ifvtex 2019/10/25 v1.7 ifvtex legacy package. Use iftex instead.
)
\Gm@cnth=\count301
\Gm@cntv=\count302
\c@Gm@tempcnt=\count303
\Gm@bindingoffset=\dimen164
\Gm@wd@mp=\dimen165
\Gm@odd@mp=\dimen166
\Gm@even@mp=\dimen167
\Gm@layoutwidth=\dimen168
\Gm@layoutheight=\dimen169
\Gm@layouthoffset=\dimen170
\Gm@layoutvoffset=\dimen171
\Gm@dimlist=\toks18
 (C:\Users\diego\AppData\Local\Programs\MiKTeX\tex/latex/geometry\geometry.cfg)) (C:\Users\diego\AppData\Local\Programs\MiKTeX\tex/latex/pgf/math\pgfmath.sty (C:\Users\diego\AppData\Local\Programs\MiKTeX\tex/latex/pgf/utilities\pgfrcs.sty (C:\Users\diego\AppData\Local\Programs\MiKTeX\tex/generic/pgf/utilities\pgfutil-common.tex
\pgfutil@everybye=\toks19
\pgfutil@tempdima=\dimen172
\pgfutil@tempdimb=\dimen173
) (C:\Users\diego\AppData\Local\Programs\MiKTeX\tex/generic/pgf/utilities\pgfutil-latex.def
\pgfutil@abb=\box62
) (C:\Users\diego\AppData\Local\Programs\MiKTeX\tex/generic/pgf/utilities\pgfrcs.code.tex (C:\Users\diego\AppData\Local\Programs\MiKTeX\tex/generic/pgf\pgf.revision.tex)
Package: pgfrcs 2025-08-29 v3.1.11a (3.1.11a)
)) (C:\Users\diego\AppData\Local\Programs\MiKTeX\tex/latex/pgf/utilities\pgfkeys.sty (C:\Users\diego\AppData\Local\Programs\MiKTeX\tex/generic/pgf/utilities\pgfkeys.code.tex
\pgfkeys@pathtoks=\toks20
\pgfkeys@temptoks=\toks21
 (C:\Users\diego\AppData\Local\Programs\MiKTeX\tex/generic/pgf/utilities\pgfkeyslibraryfiltered.code.tex
\pgfkeys@tmptoks=\toks22
))) (C:\Users\diego\AppData\Local\Programs\MiKTeX\tex/generic/pgf/math\pgfmath.code.tex (C:\Users\diego\AppData\Local\Programs\MiKTeX\tex/generic/pgf/math\pgfmathutil.code.tex
\pgf@x=\dimen174
\pgf@xa=\dimen175
\pgf@xb=\dimen176
\pgf@xc=\dimen177
\pgf@y=\dimen178
\pgf@ya=\dimen179
\pgf@yb=\dimen180
\pgf@yc=\dimen181
\c@pgf@counta=\count304
\c@pgf@countb=\count305
\c@pgf@countc=\count306
\c@pgf@countd=\count307
) (C:\Users\diego\AppData\Local\Programs\MiKTeX\tex/generic/pgf/math\pgfmathparser.code.tex
\pgfmath@dimen=\dimen182
\pgfmath@count=\count308
\pgfmath@box=\box63
\pgfmath@toks=\toks23
\pgfmath@stack@operand=\toks24
\pgfmath@stack@operation=\toks25
) (C:\Users\diego\AppData\Local\Programs\MiKTeX\tex/generic/pgf/math\pgfmathfunctions.code.tex) (C:\Users\diego\AppData\Local\Programs\MiKTeX\tex/generic/pgf/math\pgfmathfunctions.basic.code.tex) (C:\Users\diego\AppData\Local\Programs\MiKTeX\tex/generic/pgf/math\pgfmathfunctions.trigonometric.code.tex) (C:\Users\diego\AppData\Local\Programs\MiKTeX\tex/generic/pgf/math\pgfmathfunctions.random.code.tex) (C:\Users\diego\AppData\Local\Programs\MiKTeX\tex/generic/pgf/math\pgfmathfunctions.comparison.code.tex) (C:\Users\diego\AppData\Local\Programs\MiKTeX\tex/generic/pgf/math\pgfmathfunctions.base.code.tex) (C:\Users\diego\AppData\Local\Programs\MiKTeX\tex/generic/pgf/math\pgfmathfunctions.round.code.tex) (C:\Users\diego\AppData\Local\Programs\MiKTeX\tex/generic/pgf/math\pgfmathfunctions.misc.code.tex) (C:\Users\diego\AppData\Local\Programs\MiKTeX\tex/generic/pgf/math\pgfmathfunctions.integerarithmetics.code.tex) (C:\Users\diego\AppData\Local\Programs\MiKTeX\tex/generic/pgf/math\pgfmathcalc.code.tex) (C:\Users\diego\AppData\Local\Programs\MiKTeX\tex/generic/pgf/math\pgfmathfloat.code.tex
\c@pgfmathroundto@lastzeros=\count309
))) (C:\Users\diego\AppData\Local\Programs\MiKTeX\tex/latex/base\size12.clo
File: size12.clo 2025/01/22 v1.4n Standard LaTeX file (size option)
) (C:\Users\diego\AppData\Local\Programs\MiKTeX\tex/latex/pgf/basiclayer\pgfcore.sty (C:\Users\diego\AppData\Local\Programs\MiKTeX\tex/latex/graphics\graphicx.sty
Package: graphicx 2024/12/31 v1.2e Enhanced LaTeX Graphics (DPC,SPQR)
 (C:\Users\diego\AppData\Local\Programs\MiKTeX\tex/latex/graphics\graphics.sty
Package: graphics 2024/08/06 v1.4g Standard LaTeX Graphics (DPC,SPQR)
 (C:\Users\diego\AppData\Local\Programs\MiKTeX\tex/latex/graphics\trig.sty
Package: trig 2023/12/02 v1.11 sin cos tan (DPC)
) (C:\Users\diego\AppData\Local\Programs\MiKTeX\tex/latex/graphics-cfg\graphics.cfg
File: graphics.cfg 2016/06/04 v1.11 sample graphics configuration
)
Package graphics Info: Driver file: pdftex.def on input line 106.
 (C:\Users\diego\AppData\Local\Programs\MiKTeX\tex/latex/graphics-def\pdftex.def
File: pdftex.def 2025/09/29 v1.2d Graphics/color driver for pdftex
))
\Gin@req@height=\dimen183
\Gin@req@width=\dimen184
) (C:\Users\diego\AppData\Local\Programs\MiKTeX\tex/latex/pgf/systemlayer\pgfsys.sty (C:\Users\diego\AppData\Local\Programs\MiKTeX\tex/generic/pgf/systemlayer\pgfsys.code.tex
Package: pgfsys 2025-08-29 v3.1.11a (3.1.11a)
\pgf@x=\dimen185
\pgf@y=\dimen186
\pgf@xa=\dimen187
\pgf@ya=\dimen188
\pgf@xb=\dimen189
\pgf@yb=\dimen190
\pgf@xc=\dimen191
\pgf@yc=\dimen192
\pgf@xd=\dimen193
\pgf@yd=\dimen194
\w@pgf@writea=\write3
\r@pgf@reada=\read2
\c@pgf@counta=\count310
\c@pgf@countb=\count311
\c@pgf@countc=\count312
\c@pgf@countd=\count313
\t@pgf@toka=\toks26
\t@pgf@tokb=\toks27
\t@pgf@tokc=\toks28
\pgf@sys@id@count=\count314
 (C:\Users\diego\AppData\Local\Programs\MiKTeX\tex/generic/pgf/systemlayer\pgf.cfg
File: pgf.cfg 2025-08-29 v3.1.11a (3.1.11a)
)
Driver file for pgf: pgfsys-pdftex.def
 (C:\Users\diego\AppData\Local\Programs\MiKTeX\tex/generic/pgf/systemlayer\pgfsys-pdftex.def
File: pgfsys-pdftex.def 2025-08-29 v3.1.11a (3.1.11a)
 (C:\Users\diego\AppData\Local\Programs\MiKTeX\tex/generic/pgf/systemlayer\pgfsys-common-pdf.def
File: pgfsys-common-pdf.def 2025-08-29 v3.1.11a (3.1.11a)
))) (C:\Users\diego\AppData\Local\Programs\MiKTeX\tex/generic/pgf/systemlayer\pgfsyssoftpath.code.tex
File: pgfsyssoftpath.code.tex 2025-08-29 v3.1.11a (3.1.11a)
\pgfsyssoftpath@smallbuffer@items=\count315
\pgfsyssoftpath@bigbuffer@items=\count316
) (C:\Users\diego\AppData\Local\Programs\MiKTeX\tex/generic/pgf/systemlayer\pgfsysprotocol.code.tex
File: pgfsysprotocol.code.tex 2025-08-29 v3.1.11a (3.1.11a)
)) (C:\Users\diego\AppData\Local\Programs\MiKTeX\tex/latex/xcolor\xcolor.sty
Package: xcolor 2024/09/29 v3.02 LaTeX color extensions (UK)
 (C:\Users\diego\AppData\Local\Programs\MiKTeX\tex/latex/graphics-cfg\color.cfg
File: color.cfg 2016/01/02 v1.6 sample color configuration
)
Package xcolor Info: Driver file: pdftex.def on input line 274.
 (C:\Users\diego\AppData\Local\Programs\MiKTeX\tex/latex/graphics\mathcolor.ltx)
Package xcolor Info: Model `cmy' substituted by `cmy0' on input line 1349.
Package xcolor Info: Model `hsb' substituted by `rgb' on input line 1353.
Package xcolor Info: Model `RGB' extended on input line 1365.
Package xcolor Info: Model `HTML' substituted by `rgb' on input line 1367.
Package xcolor Info: Model `Hsb' substituted by `hsb' on input line 1368.
Package xcolor Info: Model `tHsb' substituted by `hsb' on input line 1369.
Package xcolor Info: Model `HSB' substituted by `hsb' on input line 1370.
Package xcolor Info: Model `Gray' substituted by `gray' on input line 1371.
Package xcolor Info: Model `wave' substituted by `hsb' on input line 1372.
) (C:\Users\diego\AppData\Local\Programs\MiKTeX\tex/generic/pgf/basiclayer\pgfcore.code.tex
Package: pgfcore 2025-08-29 v3.1.11a (3.1.11a)
 (C:\Users\diego\AppData\Local\Programs\MiKTeX\tex/generic/pgf/math\pgfint.code.tex) (C:\Users\diego\AppData\Local\Programs\MiKTeX\tex/generic/pgf/basiclayer\pgfcorepoints.code.tex
File: pgfcorepoints.code.tex 2025-08-29 v3.1.11a (3.1.11a)
\pgf@picminx=\dimen195
\pgf@picmaxx=\dimen196
\pgf@picminy=\dimen197
\pgf@picmaxy=\dimen198
\pgf@pathminx=\dimen199
\pgf@pathmaxx=\dimen256
\pgf@pathminy=\dimen257
\pgf@pathmaxy=\dimen258
\pgf@xx=\dimen259
\pgf@xy=\dimen260
\pgf@yx=\dimen261
\pgf@yy=\dimen262
\pgf@zx=\dimen263
\pgf@zy=\dimen264
) (C:\Users\diego\AppData\Local\Programs\MiKTeX\tex/generic/pgf/basiclayer\pgfcorepathconstruct.code.tex
File: pgfcorepathconstruct.code.tex 2025-08-29 v3.1.11a (3.1.11a)
\pgf@path@lastx=\dimen265
\pgf@path@lasty=\dimen266
) (C:\Users\diego\AppData\Local\Programs\MiKTeX\tex/generic/pgf/basiclayer\pgfcorepathusage.code.tex
File: pgfcorepathusage.code.tex 2025-08-29 v3.1.11a (3.1.11a)
\pgf@shorten@end@additional=\dimen267
\pgf@shorten@start@additional=\dimen268
) (C:\Users\diego\AppData\Local\Programs\MiKTeX\tex/generic/pgf/basiclayer\pgfcorescopes.code.tex
File: pgfcorescopes.code.tex 2025-08-29 v3.1.11a (3.1.11a)
\pgfpic=\box64
\pgf@hbox=\box65
\pgf@layerbox@main=\box66
\pgf@picture@serial@count=\count317
) (C:\Users\diego\AppData\Local\Programs\MiKTeX\tex/generic/pgf/basiclayer\pgfcoregraphicstate.code.tex
File: pgfcoregraphicstate.code.tex 2025-08-29 v3.1.11a (3.1.11a)
\pgflinewidth=\dimen269
) (C:\Users\diego\AppData\Local\Programs\MiKTeX\tex/generic/pgf/basiclayer\pgfcoretransformations.code.tex
File: pgfcoretransformations.code.tex 2025-08-29 v3.1.11a (3.1.11a)
\pgf@pt@x=\dimen270
\pgf@pt@y=\dimen271
\pgf@pt@temp=\dimen272
) (C:\Users\diego\AppData\Local\Programs\MiKTeX\tex/generic/pgf/basiclayer\pgfcorequick.code.tex
File: pgfcorequick.code.tex 2025-08-29 v3.1.11a (3.1.11a)
) (C:\Users\diego\AppData\Local\Programs\MiKTeX\tex/generic/pgf/basiclayer\pgfcoreobjects.code.tex
File: pgfcoreobjects.code.tex 2025-08-29 v3.1.11a (3.1.11a)
) (C:\Users\diego\AppData\Local\Programs\MiKTeX\tex/generic/pgf/basiclayer\pgfcorepathprocessing.code.tex
File: pgfcorepathprocessing.code.tex 2025-08-29 v3.1.11a (3.1.11a)
) (C:\Users\diego\AppData\Local\Programs\MiKTeX\tex/generic/pgf/basiclayer\pgfcorearrows.code.tex
File: pgfcorearrows.code.tex 2025-08-29 v3.1.11a (3.1.11a)
\pgfarrowsep=\dimen273
) (C:\Users\diego\AppData\Local\Programs\MiKTeX\tex/generic/pgf/basiclayer\pgfcoreshade.code.tex
File: pgfcoreshade.code.tex 2025-08-29 v3.1.11a (3.1.11a)
\pgf@max=\dimen274
\pgf@sys@shading@range@num=\count318
\pgf@shadingcount=\count319
) (C:\Users\diego\AppData\Local\Programs\MiKTeX\tex/generic/pgf/basiclayer\pgfcoreimage.code.tex
File: pgfcoreimage.code.tex 2025-08-29 v3.1.11a (3.1.11a)
) (C:\Users\diego\AppData\Local\Programs\MiKTeX\tex/generic/pgf/basiclayer\pgfcoreexternal.code.tex
File: pgfcoreexternal.code.tex 2025-08-29 v3.1.11a (3.1.11a)
\pgfexternal@startupbox=\box67
) (C:\Users\diego\AppData\Local\Programs\MiKTeX\tex/generic/pgf/basiclayer\pgfcorelayers.code.tex
File: pgfcorelayers.code.tex 2025-08-29 v3.1.11a (3.1.11a)
) (C:\Users\diego\AppData\Local\Programs\MiKTeX\tex/generic/pgf/basiclayer\pgfcoretransparency.code.tex
File: pgfcoretransparency.code.tex 2025-08-29 v3.1.11a (3.1.11a)
) (C:\Users\diego\AppData\Local\Programs\MiKTeX\tex/generic/pgf/basiclayer\pgfcorepatterns.code.tex
File: pgfcorepatterns.code.tex 2025-08-29 v3.1.11a (3.1.11a)
) (C:\Users\diego\AppData\Local\Programs\MiKTeX\tex/generic/pgf/basiclayer\pgfcorerdf.code.tex
File: pgfcorerdf.code.tex 2025-08-29 v3.1.11a (3.1.11a)
))) (C:\Users\diego\AppData\Local\Programs\MiKTeX\tex/latex/pgf/utilities\xxcolor.sty
Package: xxcolor 2003/10/24 ver 0.1
\XC@nummixins=\count320
\XC@countmixins=\count321
) (C:\Users\diego\AppData\Local\Programs\MiKTeX\tex/latex/base\atbegshi-ltx.sty
Package: atbegshi-ltx 2021/01/10 v1.0c Emulation of the original atbegshi
package with kernel methods
) (C:\Users\diego\AppData\Local\Programs\MiKTeX\tex/latex/hyperref\hyperref.sty
Package: hyperref 2025-07-12 v7.01o Hypertext links for LaTeX
 (C:\Users\diego\AppData\Local\Programs\MiKTeX\tex/latex/kvsetkeys\kvsetkeys.sty
Package: kvsetkeys 2022-10-05 v1.19 Key value parser (HO)
) (C:\Users\diego\AppData\Local\Programs\MiKTeX\tex/generic/kvdefinekeys\kvdefinekeys.sty
Package: kvdefinekeys 2019-12-19 v1.6 Define keys (HO)
) (C:\Users\diego\AppData\Local\Programs\MiKTeX\tex/generic/pdfescape\pdfescape.sty
Package: pdfescape 2019/12/09 v1.15 Implements pdfTeX's escape features (HO)
 (C:\Users\diego\AppData\Local\Programs\MiKTeX\tex/generic/ltxcmds\ltxcmds.sty
Package: ltxcmds 2023-12-04 v1.26 LaTeX kernel commands for general use (HO)
) (C:\Users\diego\AppData\Local\Programs\MiKTeX\tex/generic/pdftexcmds\pdftexcmds.sty
Package: pdftexcmds 2020-06-27 v0.33 Utility functions of pdfTeX for LuaTeX (HO)
 (C:\Users\diego\AppData\Local\Programs\MiKTeX\tex/generic/infwarerr\infwarerr.sty
Package: infwarerr 2019/12/03 v1.5 Providing info/warning/error messages (HO)
)
Package pdftexcmds Info: \pdf@primitive is available.
Package pdftexcmds Info: \pdf@ifprimitive is available.
Package pdftexcmds Info: \pdfdraftmode found.
)) (C:\Users\diego\AppData\Local\Programs\MiKTeX\tex/latex/hycolor\hycolor.sty
Package: hycolor 2020-01-27 v1.10 Color options for hyperref/bookmark (HO)
) (C:\Users\diego\AppData\Local\Programs\MiKTeX\tex/latex/hyperref\nameref.sty
Package: nameref 2025-06-21 v2.57 Cross-referencing by name of section
 (C:\Users\diego\AppData\Local\Programs\MiKTeX\tex/latex/refcount\refcount.sty
Package: refcount 2019/12/15 v3.6 Data extraction from label references (HO)
) (C:\Users\diego\AppData\Local\Programs\MiKTeX\tex/generic/gettitlestring\gettitlestring.sty
Package: gettitlestring 2019/12/15 v1.6 Cleanup title references (HO)
 (C:\Users\diego\AppData\Local\Programs\MiKTeX\tex/latex/kvoptions\kvoptions.sty
Package: kvoptions 2022-06-15 v3.15 Key value format for package options (HO)
))
\c@section@level=\count322
) (C:\Users\diego\AppData\Local\Programs\MiKTeX\tex/generic/stringenc\stringenc.sty
Package: stringenc 2019/11/29 v1.12 Convert strings between diff. encodings (HO)
)
\@linkdim=\dimen275
\Hy@linkcounter=\count323
\Hy@pagecounter=\count324
 (C:\Users\diego\AppData\Local\Programs\MiKTeX\tex/latex/hyperref\pd1enc.def
File: pd1enc.def 2025-07-12 v7.01o Hyperref: PDFDocEncoding definition (HO)
Now handling font encoding PD1 ...
... no UTF-8 mapping file for font encoding PD1
) (C:\Users\diego\AppData\Local\Programs\MiKTeX\tex/generic/intcalc\intcalc.sty
Package: intcalc 2019/12/15 v1.3 Expandable calculations with integers (HO)
)
\Hy@SavedSpaceFactor=\count325
 (C:\Users\diego\AppData\Local\Programs\MiKTeX\tex/latex/hyperref\puenc.def
File: puenc.def 2025-07-12 v7.01o Hyperref: PDF Unicode definition (HO)
Now handling font encoding PU ...
... no UTF-8 mapping file for font encoding PU
)
Package hyperref Info: Option `bookmarks' set `true' on input line 4066.
Package hyperref Info: Option `bookmarksopen' set `true' on input line 4066.
Package hyperref Info: Option `implicit' set `false' on input line 4066.
Package hyperref Info: Hyper figures OFF on input line 4195.
Package hyperref Info: Link nesting OFF on input line 4200.
Package hyperref Info: Hyper index ON on input line 4203.
Package hyperref Info: Plain pages OFF on input line 4210.
Package hyperref Info: Backreferencing OFF on input line 4215.
Package hyperref Info: Implicit mode OFF; no redefinition of LaTeX internals.
Package hyperref Info: Bookmarks ON on input line 4462.
\c@Hy@tempcnt=\count326
 (C:\Users\diego\AppData\Local\Programs\MiKTeX\tex/latex/url\url.sty
\Urlmuskip=\muskip17
Package: url 2013/09/16  ver 3.4  Verb mode for urls, etc.
)
LaTeX Info: Redefining \url on input line 4801.
\XeTeXLinkMargin=\dimen276
 (C:\Users\diego\AppData\Local\Programs\MiKTeX\tex/generic/bitset\bitset.sty
Package: bitset 2019/12/09 v1.3 Handle bit-vector datatype (HO)
 (C:\Users\diego\AppData\Local\Programs\MiKTeX\tex/generic/bigintcalc\bigintcalc.sty
Package: bigintcalc 2019/12/15 v1.5 Expandable calculations on big integers (HO)
))
\Fld@menulength=\count327
\Field@Width=\dimen277
\Fld@charsize=\dimen278
Package hyperref Info: Hyper figures OFF on input line 6078.
Package hyperref Info: Link nesting OFF on input line 6083.
Package hyperref Info: Hyper index ON on input line 6086.
Package hyperref Info: backreferencing OFF on input line 6093.
Package hyperref Info: Link coloring OFF on input line 6098.
Package hyperref Info: Link coloring with OCG OFF on input line 6103.
Package hyperref Info: PDF/A mode OFF on input line 6108.
\Hy@abspage=\count328


Package hyperref Message: Stopped early.

)
Package hyperref Info: Driver (autodetected): hpdftex.
 (C:\Users\diego\AppData\Local\Programs\MiKTeX\tex/latex/hyperref\hpdftex.def
File: hpdftex.def 2025-07-12 v7.01o Hyperref driver for pdfTeX
\Fld@listcount=\count329
\c@bookmark@seq@number=\count330
 (C:\Users\diego\AppData\Local\Programs\MiKTeX\tex/latex/rerunfilecheck\rerunfilecheck.sty
Package: rerunfilecheck 2025-06-21 v1.11 Rerun checks for auxiliary files (HO)
 (C:\Users\diego\AppData\Local\Programs\MiKTeX\tex/generic/uniquecounter\uniquecounter.sty
Package: uniquecounter 2019/12/15 v1.4 Provide unlimited unique counter (HO)
)
Package uniquecounter Info: New unique counter `rerunfilecheck' on input line 284.
)) (C:\Users\diego\AppData\Local\Programs\MiKTeX\tex/latex/beamer\beamerbaserequires.sty (C:\Users\diego\AppData\Local\Programs\MiKTeX\tex/latex/beamer\beamerbasecompatibility.sty) (C:\Users\diego\AppData\Local\Programs\MiKTeX\tex/latex/beamer\beamerbasefont.sty (C:\Users\diego\AppData\Local\Programs\MiKTeX\tex/latex/amsfonts\amssymb.sty
Package: amssymb 2013/01/14 v3.01 AMS font symbols
 (C:\Users\diego\AppData\Local\Programs\MiKTeX\tex/latex/amsfonts\amsfonts.sty
Package: amsfonts 2013/01/14 v3.01 Basic AMSFonts support
\@emptytoks=\toks29
\symAMSa=\mathgroup4
\symAMSb=\mathgroup5
LaTeX Font Info:    Redeclaring math symbol \hbar on input line 98.
LaTeX Font Info:    Overwriting math alphabet `\mathfrak' in version `bold'
(Font)                  U/euf/m/n --> U/euf/b/n on input line 106.
)) (C:\Users\diego\AppData\Local\Programs\MiKTeX\tex/latex/sansmathaccent\sansmathaccent.sty
Package: sansmathaccent 2020/01/31
 (C:\Users\diego\AppData\Local\Programs\MiKTeX\tex/latex/koma-script\scrlfile.sty
Package: scrlfile 2026/02/02 v3.49.2 KOMA-Script package (file load hooks)
 (C:\Users\diego\AppData\Local\Programs\MiKTeX\tex/latex/koma-script\scrlfile-hook.sty
Package: scrlfile-hook 2026/02/02 v3.49.2 KOMA-Script package (using LaTeX hooks)
 (C:\Users\diego\AppData\Local\Programs\MiKTeX\tex/latex/koma-script\scrlogo.sty
Package: scrlogo 2026/02/02 v3.49.2 KOMA-Script package (logo)
))))) (C:\Users\diego\AppData\Local\Programs\MiKTeX\tex/latex/beamer\beamerbasetranslator.sty (C:\Users\diego\AppData\Local\Programs\MiKTeX\tex/latex/translator\translator.sty
Package: translator 2021-05-31 v1.12d Easy translation of strings in LaTeX
)) (C:\Users\diego\AppData\Local\Programs\MiKTeX\tex/latex/beamer\beamerbasemisc.sty) (C:\Users\diego\AppData\Local\Programs\MiKTeX\tex/latex/beamer\beamerbasetwoscreens.sty) (C:\Users\diego\AppData\Local\Programs\MiKTeX\tex/latex/beamer\beamerbaseoverlay.sty
\beamer@argscount=\count331
\beamer@lastskipcover=\skip52
\beamer@trivlistdepth=\count332
) (C:\Users\diego\AppData\Local\Programs\MiKTeX\tex/latex/beamer\beamerbasetitle.sty) (C:\Users\diego\AppData\Local\Programs\MiKTeX\tex/latex/beamer\beamerbasesection.sty
\c@lecture=\count333
\c@part=\count334
\c@section=\count335
\c@subsection=\count336
\c@subsubsection=\count337
) (C:\Users\diego\AppData\Local\Programs\MiKTeX\tex/latex/beamer\beamerbaseframe.sty
\beamer@framebox=\box68
\beamer@frametitlebox=\box69
\beamer@zoombox=\box70
\beamer@zoomcount=\count338
\beamer@zoomframecount=\count339
\beamer@frametextheight=\dimen279
\c@subsectionslide=\count340
\beamer@frametopskip=\skip53
\beamer@framebottomskip=\skip54
\beamer@frametopskipautobreak=\skip55
\beamer@framebottomskipautobreak=\skip56
\beamer@envbody=\toks30
\framewidth=\dimen280
\c@framenumber=\count341
) (C:\Users\diego\AppData\Local\Programs\MiKTeX\tex/latex/beamer\beamerbaseverbatim.sty
\beamer@verbatimfileout=\write4
) (C:\Users\diego\AppData\Local\Programs\MiKTeX\tex/latex/beamer\beamerbaseframesize.sty
\beamer@splitbox=\box71
\beamer@autobreakcount=\count342
\beamer@autobreaklastheight=\dimen281
\beamer@frametitletoks=\toks31
\beamer@framesubtitletoks=\toks32
) (C:\Users\diego\AppData\Local\Programs\MiKTeX\tex/latex/beamer\beamerbaseframecomponents.sty
\beamer@colheight=\skip57
\beamer@footins=\box72
) (C:\Users\diego\AppData\Local\Programs\MiKTeX\tex/latex/beamer\beamerbasecolor.sty) (C:\Users\diego\AppData\Local\Programs\MiKTeX\tex/latex/beamer\beamerbasenotes.sty
\beamer@frameboxcopy=\box73
) (C:\Users\diego\AppData\Local\Programs\MiKTeX\tex/latex/beamer\beamerbasetoc.sty) (C:\Users\diego\AppData\Local\Programs\MiKTeX\tex/latex/beamer\beamerbasetemplates.sty
\beamer@sbttoks=\toks33
 (C:\Users\diego\AppData\Local\Programs\MiKTeX\tex/latex/beamer\beamerbaseauxtemplates.sty (C:\Users\diego\AppData\Local\Programs\MiKTeX\tex/latex/beamer\beamerbaseboxes.sty
\bmb@box=\box74
\bmb@colorbox=\box75
\bmb@boxwidth=\dimen282
\bmb@boxheight=\dimen283
\bmb@prevheight=\dimen284
\bmb@temp=\dimen285
\bmb@dima=\dimen286
\bmb@dimb=\dimen287
\bmb@prevheight=\dimen288
)
\beamer@blockheadheight=\dimen289
)) (C:\Users\diego\AppData\Local\Programs\MiKTeX\tex/latex/beamer\beamerbaselocalstructure.sty (C:\Users\diego\AppData\Local\Programs\MiKTeX\tex/latex/tools\enumerate.sty
Package: enumerate 2023/07/04 v3.00 enumerate extensions (DPC)
\@enLab=\toks34
)
\beamer@bibiconwidth=\skip58
\c@figure=\count343
\c@table=\count344
\abovecaptionskip=\skip59
\belowcaptionskip=\skip60
) (C:\Users\diego\AppData\Local\Programs\MiKTeX\tex/latex/beamer\beamerbasenavigation.sty (C:\Users\diego\AppData\Local\Programs\MiKTeX\tex/latex/beamer\beamerbasenavigationsymbols.tex)
\beamer@section@min@dim=\dimen290
) (C:\Users\diego\AppData\Local\Programs\MiKTeX\tex/latex/beamer\beamerbasetheorems.sty (C:\Users\diego\AppData\Local\Programs\MiKTeX\tex/latex/amsmath\amsmath.sty
Package: amsmath 2025/06/16 v2.17y AMS math features
\@mathmargin=\skip61

For additional information on amsmath, use the `?' option.
(C:\Users\diego\AppData\Local\Programs\MiKTeX\tex/latex/amsmath\amstext.sty
Package: amstext 2024/11/17 v2.01 AMS text
 (C:\Users\diego\AppData\Local\Programs\MiKTeX\tex/latex/amsmath\amsgen.sty
File: amsgen.sty 1999/11/30 v2.0 generic functions
\@emptytoks=\toks35
\ex@=\dimen291
)) (C:\Users\diego\AppData\Local\Programs\MiKTeX\tex/latex/amsmath\amsbsy.sty
Package: amsbsy 1999/11/29 v1.2d Bold Symbols
\pmbraise@=\dimen292
) (C:\Users\diego\AppData\Local\Programs\MiKTeX\tex/latex/amsmath\amsopn.sty
Package: amsopn 2022/04/08 v2.04 operator names
)
\inf@bad=\count345
LaTeX Info: Redefining \frac on input line 233.
\uproot@=\count346
\leftroot@=\count347
LaTeX Info: Redefining \overline on input line 398.
LaTeX Info: Redefining \colon on input line 409.
\classnum@=\count348
\DOTSCASE@=\count349
LaTeX Info: Redefining \ldots on input line 495.
LaTeX Info: Redefining \dots on input line 498.
LaTeX Info: Redefining \cdots on input line 619.
\Mathstrutbox@=\box76
\strutbox@=\box77
LaTeX Info: Redefining \big on input line 721.
LaTeX Info: Redefining \Big on input line 722.
LaTeX Info: Redefining \bigg on input line 723.
LaTeX Info: Redefining \Bigg on input line 724.
\big@size=\dimen293
LaTeX Font Info:    Redeclaring font encoding OML on input line 742.
LaTeX Font Info:    Redeclaring font encoding OMS on input line 743.
\macc@depth=\count350
LaTeX Info: Redefining \bmod on input line 904.
LaTeX Info: Redefining \pmod on input line 909.
LaTeX Info: Redefining \smash on input line 939.
LaTeX Info: Redefining \relbar on input line 969.
LaTeX Info: Redefining \Relbar on input line 970.
\c@MaxMatrixCols=\count351
\dotsspace@=\muskip18
\c@parentequation=\count352
\dspbrk@lvl=\count353
\tag@help=\toks36
\row@=\count354
\column@=\count355
\maxfields@=\count356
\andhelp@=\toks37
\eqnshift@=\dimen294
\alignsep@=\dimen295
\tagshift@=\dimen296
\tagwidth@=\dimen297
\totwidth@=\dimen298
\lineht@=\dimen299
\@envbody=\toks38
\multlinegap=\skip62
\multlinetaggap=\skip63
\mathdisplay@stack=\toks39
LaTeX Info: Redefining \[ on input line 2949.
LaTeX Info: Redefining \] on input line 2950.
) (C:\Users\diego\AppData\Local\Programs\MiKTeX\tex/latex/amscls\amsthm.sty
Package: amsthm 2020/05/29 v2.20.6
\thm@style=\toks40
\thm@bodyfont=\toks41
\thm@headfont=\toks42
\thm@notefont=\toks43
\thm@headpunct=\toks44
\thm@preskip=\skip64
\thm@postskip=\skip65
\thm@headsep=\skip66
\dth@everypar=\toks45
)
\c@theorem=\count357
) (C:\Users\diego\AppData\Local\Programs\MiKTeX\tex/latex/beamer\beamerbasethemes.sty)) (C:\Users\diego\AppData\Local\Programs\MiKTeX\tex/latex/beamer\beamerthemedefault.sty (C:\Users\diego\AppData\Local\Programs\MiKTeX\tex/latex/beamer\beamerfontthemedefault.sty) (C:\Users\diego\AppData\Local\Programs\MiKTeX\tex/latex/beamer\beamercolorthemedefault.sty) (C:\Users\diego\AppData\Local\Programs\MiKTeX\tex/latex/beamer\beamerinnerthemedefault.sty
\beamer@dima=\dimen300
\beamer@dimb=\dimen301
) (C:\Users\diego\AppData\Local\Programs\MiKTeX\tex/latex/beamer\beamerouterthemedefault.sty))) (C:\Users\diego\AppData\Local\Programs\MiKTeX\tex/generic/babel\babel.sty
Package: babel 2025/10/22 v25.14 The multilingual framework for LuaLaTeX, pdfLaTeX and XeLaTeX
\babel@savecnt=\count358
LaTeX Encoding Info:    Redeclaring text command \ij (encoding OT1) on input line 2050.
LaTeX Encoding Info:    Redeclaring text command \IJ (encoding OT1) on input line 2052.
LaTeX Encoding Info:    Redeclaring text command \ij (encoding T1) on input line 2054.
LaTeX Encoding Info:    Redeclaring text command \IJ (encoding T1) on input line 2055.
LaTeX Encoding Info:    Ignoring declaration for text command \ij (encoding ?) on input line 2056.
LaTeX Encoding Info:    Ignoring declaration for text command \IJ (encoding ?) on input line 2058.
LaTeX Encoding Info:    Ignoring declaration for text command \SS (encoding ?) on input line 2083.
\U@D=\dimen302
\l@unhyphenated=\language79
 (C:\Users\diego\AppData\Local\Programs\MiKTeX\tex/generic/babel\txtbabel.def)
\bbl@readstream=\read3
LaTeX Info: Redefining \textlatin on input line 3942.
\bbl@dirlevel=\count359


Package babel Warning: Configuration files are deprecated, as
(babel)                they can break document portability.
(babel)                Reported on input line 4172.

*************************************
* Local config file bblopts.cfg used
*
(C:\Users\diego\AppData\Local\Programs\MiKTeX\tex/latex/arabi\bblopts.cfg
File: bblopts.cfg 2005/09/08 v0.1 add Arabic and Farsi to "declared" options of babel
) (C:\Users\diego\AppData\Local\Programs\MiKTeX\tex/generic/babel/locale/es\babel-spanish.tex)
Package babel Info: Importing font and identification data for spanish
(babel)             from babel-es.ini. Reported on input line 4295.
 (C:\Users\diego\AppData\Local\Programs\MiKTeX\tex/latex/babel-spanish\spanish.ldf
Language: spanish.ldf 2021/05/27 v5.0q Spanish support from the babel system
\es@quottoks=\toks46
\es@quotdepth=\count360
Package babel Info: Making " an active character on input line 570.
Package babel Info: Making . an active character on input line 675.
Package babel Info: Making < an active character on input line 722.
Package babel Info: Making > an active character on input line 722.
))
LaTeX Encoding Info:    Redeclaring text command \guillemotleft (encoding OT1) on input line 5.
LaTeX Encoding Info:    Redeclaring text command \guillemotright (encoding OT1) on input line 5.
 (C:\Users\diego\AppData\Local\Programs\MiKTeX\tex/latex/base\inputenc.sty
Package: inputenc 2024/02/08 v1.3d Input encoding file
\inpenc@prehook=\toks47
\inpenc@posthook=\toks48
) (C:\Users\diego\AppData\Local\Programs\MiKTeX\tex/latex/booktabs\booktabs.sty
Package: booktabs 2020/01/12 v1.61803398 Publication quality tables
\heavyrulewidth=\dimen303
\lightrulewidth=\dimen304
\cmidrulewidth=\dimen305
\belowrulesep=\dimen306
\belowbottomsep=\dimen307
\aboverulesep=\dimen308
\abovetopsep=\dimen309
\cmidrulesep=\dimen310
\cmidrulekern=\dimen311
\defaultaddspace=\dimen312
\@cmidla=\count361
\@cmidlb=\count362
\@aboverulesep=\dimen313
\@belowrulesep=\dimen314
\@thisruleclass=\count363
\@lastruleclass=\count364
\@thisrulewidth=\dimen315
) (C:\Users\diego\AppData\Local\Programs\MiKTeX\tex/latex/colortbl\colortbl.sty
Package: colortbl 2024/10/29 v1.0k Color table columns (DPC)
 (C:\Users\diego\AppData\Local\Programs\MiKTeX\tex/latex/tools\array.sty
Package: array 2025/06/08 v2.6j Tabular extension package (FMi)
\col@sep=\dimen316
\ar@mcellbox=\box78
\extrarowheight=\dimen317
\NC@list=\toks49
\extratabsurround=\skip67
\backup@length=\skip68
\ar@cellbox=\box79
)
\everycr=\toks50
\minrowclearance=\skip69
\rownum=\count365
) (C:\Users\diego\AppData\Local\Programs\MiKTeX\tex/latex/beamer\beamerthemeMadrid.sty (C:\Users\diego\AppData\Local\Programs\MiKTeX\tex/latex/beamer\beamercolorthemewhale.sty) (C:\Users\diego\AppData\Local\Programs\MiKTeX\tex/latex/beamer\beamercolorthemeorchid.sty) (C:\Users\diego\AppData\Local\Programs\MiKTeX\tex/latex/beamer\beamerinnerthemerounded.sty) (C:\Users\diego\AppData\Local\Programs\MiKTeX\tex/latex/beamer\beamerouterthemeinfolines.sty))

Package hyperref Warning: Token not allowed in a PDF string (Unicode):
(hyperref)                removing `\\' on input line 47.

(C:\Users\diego\AppData\Local\Programs\MiKTeX\tex/latex/l3backend\l3backend-pdftex.def
File: l3backend-pdftex.def 2025-10-09 L3 backend support: PDF output (pdfTeX)
\l__color_backend_stack_int=\count366
) (slides.aux
LaTeX Info: Redefining \. on input line 11.
LaTeX Info: Redefining \% on input line 11.
Package babel Info: 'spanish' activates 'spanish' shorthands.
(babel)             Reported on input line 11.
)
\openout1 = `slides.aux'.

LaTeX Font Info:    Checking defaults for OML/cmm/m/it on input line 69.
LaTeX Font Info:    ... okay on input line 69.
LaTeX Font Info:    Checking defaults for OMS/cmsy/m/n on input line 69.
LaTeX Font Info:    ... okay on input line 69.
LaTeX Font Info:    Checking defaults for OT1/cmr/m/n on input line 69.
LaTeX Font Info:    ... okay on input line 69.
LaTeX Font Info:    Checking defaults for T1/cmr/m/n on input line 69.
LaTeX Font Info:    ... okay on input line 69.
LaTeX Font Info:    Checking defaults for TS1/cmr/m/n on input line 69.
LaTeX Font Info:    ... okay on input line 69.
LaTeX Font Info:    Checking defaults for OMX/cmex/m/n on input line 69.
LaTeX Font Info:    ... okay on input line 69.
LaTeX Font Info:    Checking defaults for U/cmr/m/n on input line 69.
LaTeX Font Info:    ... okay on input line 69.
LaTeX Font Info:    Checking defaults for PD1/pdf/m/n on input line 69.
LaTeX Font Info:    ... okay on input line 69.
LaTeX Font Info:    Checking defaults for PU/pdf/m/n on input line 69.
LaTeX Font Info:    ... okay on input line 69.

*geometry* driver: auto-detecting
*geometry* detected driver: pdftex
*geometry* verbose mode - [ preamble ] result:
* driver: pdftex
* paper: custom
* layout: <same size as paper>
* layoutoffset:(h,v)=(0.0pt,0.0pt)
* modes: includehead includefoot 
* h-part:(L,W,R)=(11.74988pt, 431.74432pt, 11.74988pt)
* v-part:(T,H,B)=(0.0pt, 256.0748pt, 0.0pt)
* \paperwidth=455.24408pt
* \paperheight=256.0748pt
* \textwidth=431.74432pt
* \textheight=227.62207pt
* \oddsidemargin=-60.52011pt
* \evensidemargin=-60.52011pt
* \topmargin=-72.26999pt
* \headheight=14.22636pt
* \headsep=0.0pt
* \topskip=12.0pt
* \footskip=14.22636pt
* \marginparwidth=4.0pt
* \marginparsep=10.0pt
* \columnsep=10.0pt
* \skip\footins=10.8pt plus 4.0pt minus 2.0pt
* \hoffset=0.0pt
* \voffset=0.0pt
* \mag=1000
* \@twocolumnfalse
* \@twosidefalse
* \@mparswitchfalse
* \@reversemarginfalse
* (1in=72.27pt=25.4mm, 1cm=28.453pt)

(C:\Users\diego\AppData\Local\Programs\MiKTeX\tex/context/base/mkii\supp-pdf.mkii
[Loading MPS to PDF converter (version 2006.09.02).]
\scratchcounter=\count367
\scratchdimen=\dimen318
\scratchbox=\box80
\nofMPsegments=\count368
\nofMParguments=\count369
\everyMPshowfont=\toks51
\MPscratchCnt=\count370
\MPscratchDim=\dimen319
\MPnumerator=\count371
\makeMPintoPDFobject=\count372
\everyMPtoPDFconversion=\toks52
) (C:\Users\diego\AppData\Local\Programs\MiKTeX\tex/latex/epstopdf-pkg\epstopdf-base.sty
Package: epstopdf-base 2020-01-24 v2.11 Base part for package epstopdf
Package epstopdf-base Info: Redefining graphics rule for `.eps' on input line 485.
 (C:\Users\diego\AppData\Local\Programs\MiKTeX\tex/latex/00miktex\epstopdf-sys.cfg
File: epstopdf-sys.cfg 2021/03/18 v2.0 Configuration of epstopdf for MiKTeX
))
Package hyperref Info: Link coloring OFF on input line 69.
 (slides.out) (slides.out)
\@outlinefile=\write5
\openout5 = `slides.out'.

LaTeX Font Info:    Overwriting symbol font `operators' in version `normal'
(Font)                  OT1/cmr/m/n --> OT1/cmss/m/n on input line 69.
LaTeX Font Info:    Overwriting symbol font `operators' in version `bold'
(Font)                  OT1/cmr/bx/n --> OT1/cmss/b/n on input line 69.
\symnumbers=\mathgroup6
\sympureletters=\mathgroup7
LaTeX Font Info:    Overwriting math alphabet `\mathrm' in version `normal'
(Font)                  OT1/cmss/m/n --> OT1/cmr/m/n on input line 69.
LaTeX Font Info:    Redeclaring math alphabet \mathbf on input line 69.
LaTeX Font Info:    Overwriting math alphabet `\mathbf' in version `normal'
(Font)                  OT1/cmr/bx/n --> OT1/cmss/b/n on input line 69.
LaTeX Font Info:    Overwriting math alphabet `\mathbf' in version `bold'
(Font)                  OT1/cmr/bx/n --> OT1/cmss/b/n on input line 69.
LaTeX Font Info:    Redeclaring math alphabet \mathsf on input line 69.
LaTeX Font Info:    Overwriting math alphabet `\mathsf' in version `normal'
(Font)                  OT1/cmss/m/n --> OT1/cmss/m/n on input line 69.
LaTeX Font Info:    Overwriting math alphabet `\mathsf' in version `bold'
(Font)                  OT1/cmss/bx/n --> OT1/cmss/m/n on input line 69.
LaTeX Font Info:    Redeclaring math alphabet \mathit on input line 69.
LaTeX Font Info:    Overwriting math alphabet `\mathit' in version `normal'
(Font)                  OT1/cmr/m/it --> OT1/cmss/m/it on input line 69.
LaTeX Font Info:    Overwriting math alphabet `\mathit' in version `bold'
(Font)                  OT1/cmr/bx/it --> OT1/cmss/m/it on input line 69.
LaTeX Font Info:    Redeclaring math alphabet \mathtt on input line 69.
LaTeX Font Info:    Overwriting math alphabet `\mathtt' in version `normal'
(Font)                  OT1/cmtt/m/n --> OT1/cmtt/m/n on input line 69.
LaTeX Font Info:    Overwriting math alphabet `\mathtt' in version `bold'
(Font)                  OT1/cmtt/m/n --> OT1/cmtt/m/n on input line 69.
LaTeX Font Info:    Overwriting symbol font `numbers' in version `bold'
(Font)                  OT1/cmss/m/n --> OT1/cmss/b/n on input line 69.
LaTeX Font Info:    Overwriting symbol font `pureletters' in version `bold'
(Font)                  OT1/cmss/m/it --> OT1/cmss/b/it on input line 69.
LaTeX Font Info:    Overwriting math alphabet `\mathrm' in version `bold'
(Font)                  OT1/cmss/b/n --> OT1/cmr/b/n on input line 69.
LaTeX Font Info:    Overwriting math alphabet `\mathbf' in version `bold'
(Font)                  OT1/cmss/b/n --> OT1/cmss/b/n on input line 69.
LaTeX Font Info:    Overwriting math alphabet `\mathsf' in version `bold'
(Font)                  OT1/cmss/m/n --> OT1/cmss/b/n on input line 69.
LaTeX Font Info:    Overwriting math alphabet `\mathit' in version `bold'
(Font)                  OT1/cmss/m/it --> OT1/cmss/b/it on input line 69.
LaTeX Font Info:    Overwriting math alphabet `\mathtt' in version `bold'
(Font)                  OT1/cmtt/m/n --> OT1/cmtt/b/n on input line 69.
LaTeX Font Info:    Redeclaring symbol font `pureletters' on input line 69.
LaTeX Font Info:    Overwriting symbol font `pureletters' in version `normal'
(Font)                  OT1/cmss/m/it --> OT1/mathkerncmss/m/sl on input line 69.
LaTeX Font Info:    Overwriting symbol font `pureletters' in version `bold'
(Font)                  OT1/cmss/b/it --> OT1/mathkerncmss/m/sl on input line 69.
LaTeX Font Info:    Overwriting symbol font `pureletters' in version `bold'
(Font)                  OT1/mathkerncmss/m/sl --> OT1/mathkerncmss/bx/sl on input line 69.
 (C:\Users\diego\AppData\Local\Programs\MiKTeX\tex/latex/translator\translator-basic-dictionary-English.dict
Dictionary: translator-basic-dictionary, Language: English 
) (C:\Users\diego\AppData\Local\Programs\MiKTeX\tex/latex/translator\translator-bibliography-dictionary-English.dict
Dictionary: translator-bibliography-dictionary, Language: English 
) (C:\Users\diego\AppData\Local\Programs\MiKTeX\tex/latex/translator\translator-environment-dictionary-English.dict
Dictionary: translator-environment-dictionary, Language: English 
) (C:\Users\diego\AppData\Local\Programs\MiKTeX\tex/latex/translator\translator-months-dictionary-English.dict
Dictionary: translator-months-dictionary, Language: English 
) (C:\Users\diego\AppData\Local\Programs\MiKTeX\tex/latex/translator\translator-numbers-dictionary-English.dict
Dictionary: translator-numbers-dictionary, Language: English 
) (C:\Users\diego\AppData\Local\Programs\MiKTeX\tex/latex/translator\translator-theorem-dictionary-English.dict
Dictionary: translator-theorem-dictionary, Language: English 
)
LaTeX Info: Redefining \. on input line 69.
LaTeX Info: Redefining \% on input line 69.
 (slides.nav)
<../images/logo_universidad_nacional.png, id=66, 131.49126pt x 131.49126pt>
File: ../images/logo_universidad_nacional.png Graphic file (type png)
<use ../images/logo_universidad_nacional.png>
Package pdftex.def Info: ../images/logo_universidad_nacional.png  used on input line 78.
(pdftex.def)             Requested size: 42.67996pt x 42.67912pt.
LaTeX Font Info:    Trying to load font information for U+msa on input line 78.
 (C:\Users\diego\AppData\Local\Programs\MiKTeX\tex/latex/amsfonts\umsa.fd
File: umsa.fd 2013/01/14 v3.01 AMS symbols A
)
LaTeX Font Info:    Trying to load font information for U+msb on input line 78.
 (C:\Users\diego\AppData\Local\Programs\MiKTeX\tex/latex/amsfonts\umsb.fd
File: umsb.fd 2013/01/14 v3.01 AMS symbols B
)
LaTeX Font Info:    Trying to load font information for OT1+mathkerncmss on input line 78.
 (C:\Users\diego\AppData\Local\Programs\MiKTeX\tex/latex/sansmathaccent\ot1mathkerncmss.fd
File: ot1mathkerncmss.fd 2020/01/31 Fontinst v1.933 font definitions for OT1/mathkerncmss.
)
<../images/logo_fpuna.png, id=67, 239.89626pt x 359.3425pt>
File: ../images/logo_fpuna.png Graphic file (type png)
<use ../images/logo_fpuna.png>
Package pdftex.def Info: ../images/logo_fpuna.png  used on input line 78.
(pdftex.def)             Requested size: 28.48979pt x 42.67912pt.


[1

{C:/Users/diego/AppData/Local/MiKTeX/fonts/map/pdftex/pdftex.map} <../images/logo_universidad_nacional.png (PNG copy)> <../images/logo_fpuna.png (PNG copy)>] (slides.toc
LaTeX Info: Redefining \. on input line 1.
LaTeX Info: Redefining \% on input line 1.
)

File: ../images/logo_fpuna.png Graphic file (type png)
<use ../images/logo_fpuna.png>
Package pdftex.def Info: ../images/logo_fpuna.png  used on input line 86.
(pdftex.def)             Requested size: 15.1948pt x 22.76228pt.
[2

]

File: ../images/logo_fpuna.png Graphic file (type png)
<use ../images/logo_fpuna.png>
Package pdftex.def Info: ../images/logo_fpuna.png  used on input line 100.
(pdftex.def)             Requested size: 15.1948pt x 22.76228pt.
[3

]

File: ../images/logo_fpuna.png Graphic file (type png)
<use ../images/logo_fpuna.png>
Package pdftex.def Info: ../images/logo_fpuna.png  used on input line 128.
(pdftex.def)             Requested size: 15.1948pt x 22.76228pt.
[4

]

File: ../images/logo_fpuna.png Graphic file (type png)
<use ../images/logo_fpuna.png>
Package pdftex.def Info: ../images/logo_fpuna.png  used on input line 146.
(pdftex.def)             Requested size: 15.1948pt x 22.76228pt.
[5

]

File: ../images/logo_fpuna.png Graphic file (type png)
<use ../images/logo_fpuna.png>
Package pdftex.def Info: ../images/logo_fpuna.png  used on input line 171.
(pdftex.def)             Requested size: 15.1948pt x 22.76228pt.
[6

]

File: ../images/logo_fpuna.png Graphic file (type png)
<use ../images/logo_fpuna.png>
Package pdftex.def Info: ../images/logo_fpuna.png  used on input line 188.
(pdftex.def)             Requested size: 15.1948pt x 22.76228pt.
[7

]

File: ../images/logo_fpuna.png Graphic file (type png)
<use ../images/logo_fpuna.png>
Package pdftex.def Info: ../images/logo_fpuna.png  used on input line 215.
(pdftex.def)             Requested size: 15.1948pt x 22.76228pt.
[8

]

File: ../images/logo_fpuna.png Graphic file (type png)
<use ../images/logo_fpuna.png>
Package pdftex.def Info: ../images/logo_fpuna.png  used on input line 245.
(pdftex.def)             Requested size: 15.1948pt x 22.76228pt.
[9

]

File: ../images/logo_fpuna.png Graphic file (type png)
<use ../images/logo_fpuna.png>
Package pdftex.def Info: ../images/logo_fpuna.png  used on input line 282.
(pdftex.def)             Requested size: 15.1948pt x 22.76228pt.
[10

]
<../predicciones/prediccion_nivel_rio/resultados/grafico_01_particiones.png, id=252, 1292.1876pt x 496.7358pt>
File: ../predicciones/prediccion_nivel_rio/resultados/grafico_01_particiones.png Graphic file (type png)
<use ../predicciones/prediccion_nivel_rio/resultados/grafico_01_particiones.png>
Package pdftex.def Info: ../predicciones/prediccion_nivel_rio/resultados/grafico_01_particiones.png  used on input line 288.
(pdftex.def)             Requested size: 354.0335pt x 136.09114pt.


File: ../images/logo_fpuna.png Graphic file (type png)
<use ../images/logo_fpuna.png>
Package pdftex.def Info: ../images/logo_fpuna.png  used on input line 288.
(pdftex.def)             Requested size: 15.1948pt x 22.76228pt.
[11

 <../predicciones/prediccion_nivel_rio/resultados/grafico_01_particiones.png>]
<../predicciones/prediccion_nivel_rio/resultados/grafico_08_historico_mas_prediccion.png, id=262, 1292.1876pt x 569.4876pt>
File: ../predicciones/prediccion_nivel_rio/resultados/grafico_08_historico_mas_prediccion.png Graphic file (type png)
<use ../predicciones/prediccion_nivel_rio/resultados/grafico_08_historico_mas_prediccion.png>
Package pdftex.def Info: ../predicciones/prediccion_nivel_rio/resultados/grafico_08_historico_mas_prediccion.png  used on input line 297.
(pdftex.def)             Requested size: 354.0335pt x 156.02301pt.


File: ../images/logo_fpuna.png Graphic file (type png)
<use ../images/logo_fpuna.png>
Package pdftex.def Info: ../images/logo_fpuna.png  used on input line 297.
(pdftex.def)             Requested size: 15.1948pt x 22.76228pt.
[12

 <../predicciones/prediccion_nivel_rio/resultados/grafico_08_historico_mas_prediccion.png>]

File: ../images/logo_fpuna.png Graphic file (type png)
<use ../images/logo_fpuna.png>
Package pdftex.def Info: ../images/logo_fpuna.png  used on input line 318.
(pdftex.def)             Requested size: 15.1948pt x 22.76228pt.
[13

]
<../predicciones/prediccion_sarimax_cemento/resultados_sarimax_cemento/graficos/06_pronostico_completo.png, id=292, 1148.3703pt x 923.97195pt>
File: ../predicciones/prediccion_sarimax_cemento/resultados_sarimax_cemento/graficos/06_pronostico_completo.png Graphic file (type png)
<use ../predicciones/prediccion_sarimax_cemento/resultados_sarimax_cemento/graficos/06_pronostico_completo.png>
Package pdftex.def Info: ../predicciones/prediccion_sarimax_cemento/resultados_sarimax_cemento/graficos/06_pronostico_completo.png  used on input line 340.
(pdftex.def)             Requested size: 336.76004pt x 270.94801pt.

Overfull \vbox (101.68561pt too high) detected at line 340
 []



File: ../images/logo_fpuna.png Graphic file (type png)
<use ../images/logo_fpuna.png>
Package pdftex.def Info: ../images/logo_fpuna.png  used on input line 340.
(pdftex.def)             Requested size: 15.1948pt x 22.76228pt.
[14

 <../predicciones/prediccion_sarimax_cemento/resultados_sarimax_cemento/graficos/06_pronostico_completo.png>]
<../predicciones/prediccion_sarimax_ladrillo/resultados_sarimax_ladrillo/graficos/06_pronostico_completo.png, id=301, 1148.3703pt x 923.97195pt>
File: ../predicciones/prediccion_sarimax_ladrillo/resultados_sarimax_ladrillo/graficos/06_pronostico_completo.png Graphic file (type png)
<use ../predicciones/prediccion_sarimax_ladrillo/resultados_sarimax_ladrillo/graficos/06_pronostico_completo.png>
Package pdftex.def Info: ../predicciones/prediccion_sarimax_ladrillo/resultados_sarimax_ladrillo/graficos/06_pronostico_completo.png  used on input line 362.
(pdftex.def)             Requested size: 336.76004pt x 270.94801pt.

Overfull \vbox (101.68561pt too high) detected at line 362
 []



File: ../images/logo_fpuna.png Graphic file (type png)
<use ../images/logo_fpuna.png>
Package pdftex.def Info: ../images/logo_fpuna.png  used on input line 362.
(pdftex.def)             Requested size: 15.1948pt x 22.76228pt.
[15

 <../predicciones/prediccion_sarimax_ladrillo/resultados_sarimax_ladrillo/graficos/06_pronostico_completo.png>]
<../predicciones/prediccion_cemento_lstm/resultados_con_covid/entrenamiento_01_particiones.png, id=310, 1002.6258pt x 351.714pt>
File: ../predicciones/prediccion_cemento_lstm/resultados_con_covid/entrenamiento_01_particiones.png Graphic file (type png)
<use ../predicciones/prediccion_cemento_lstm/resultados_con_covid/entrenamiento_01_particiones.png>
Package pdftex.def Info: ../predicciones/prediccion_cemento_lstm/resultados_con_covid/entrenamiento_01_particiones.png  used on input line 375.
(pdftex.def)             Requested size: 336.76004pt x 118.13216pt.


File: ../images/logo_fpuna.png Graphic file (type png)
<use ../images/logo_fpuna.png>
Package pdftex.def Info: ../images/logo_fpuna.png  used on input line 375.
(pdftex.def)             Requested size: 15.1948pt x 22.76228pt.
[16

 <../predicciones/prediccion_cemento_lstm/resultados_con_covid/entrenamiento_01_particiones.png>]
<../predicciones/prediccion_cemento_lstm/resultados_sin_covid/final_06_prediccion_futura_completa.png, id=318, 1145.7204pt x 423.5022pt>
File: ../predicciones/prediccion_cemento_lstm/resultados_sin_covid/final_06_prediccion_futura_completa.png Graphic file (type png)
<use ../predicciones/prediccion_cemento_lstm/resultados_sin_covid/final_06_prediccion_futura_completa.png>
Package pdftex.def Info: ../predicciones/prediccion_cemento_lstm/resultados_sin_covid/final_06_prediccion_futura_completa.png  used on input line 399.
(pdftex.def)             Requested size: 323.80824pt x 119.69128pt.


File: ../images/logo_fpuna.png Graphic file (type png)
<use ../images/logo_fpuna.png>
Package pdftex.def Info: ../images/logo_fpuna.png  used on input line 399.
(pdftex.def)             Requested size: 15.1948pt x 22.76228pt.
[17

 <../predicciones/prediccion_cemento_lstm/resultados_sin_covid/final_06_prediccion_futura_completa.png>]
<../predicciones/prediccion_cemento_lstm/resultados_con_covid/final_06_prediccion_futura_completa.png, id=327, 1145.7204pt x 423.5022pt>
File: ../predicciones/prediccion_cemento_lstm/resultados_con_covid/final_06_prediccion_futura_completa.png Graphic file (type png)
<use ../predicciones/prediccion_cemento_lstm/resultados_con_covid/final_06_prediccion_futura_completa.png>
Package pdftex.def Info: ../predicciones/prediccion_cemento_lstm/resultados_con_covid/final_06_prediccion_futura_completa.png  used on input line 423.
(pdftex.def)             Requested size: 323.80824pt x 119.69128pt.


File: ../images/logo_fpuna.png Graphic file (type png)
<use ../images/logo_fpuna.png>
Package pdftex.def Info: ../images/logo_fpuna.png  used on input line 423.
(pdftex.def)             Requested size: 15.1948pt x 22.76228pt.
[18

 <../predicciones/prediccion_cemento_lstm/resultados_con_covid/final_06_prediccion_futura_completa.png>]
<../predicciones/prediccion_ladrillo_lstm/resultados_sin_covid/final_06_prediccion_futura_completa.png, id=336, 1145.2386pt x 423.5022pt>
File: ../predicciones/prediccion_ladrillo_lstm/resultados_sin_covid/final_06_prediccion_futura_completa.png Graphic file (type png)
<use ../predicciones/prediccion_ladrillo_lstm/resultados_sin_covid/final_06_prediccion_futura_completa.png>
Package pdftex.def Info: ../predicciones/prediccion_ladrillo_lstm/resultados_sin_covid/final_06_prediccion_futura_completa.png  used on input line 447.
(pdftex.def)             Requested size: 323.80824pt x 119.74298pt.


File: ../images/logo_fpuna.png Graphic file (type png)
<use ../images/logo_fpuna.png>
Package pdftex.def Info: ../images/logo_fpuna.png  used on input line 447.
(pdftex.def)             Requested size: 15.1948pt x 22.76228pt.
[19

 <../predicciones/prediccion_ladrillo_lstm/resultados_sin_covid/final_06_prediccion_futura_completa.png>]
<../predicciones/prediccion_ladrillo_lstm/resultados_con_covid/final_06_prediccion_futura_completa.png, id=346, 1145.2386pt x 423.5022pt>
File: ../predicciones/prediccion_ladrillo_lstm/resultados_con_covid/final_06_prediccion_futura_completa.png Graphic file (type png)
<use ../predicciones/prediccion_ladrillo_lstm/resultados_con_covid/final_06_prediccion_futura_completa.png>
Package pdftex.def Info: ../predicciones/prediccion_ladrillo_lstm/resultados_con_covid/final_06_prediccion_futura_completa.png  used on input line 471.
(pdftex.def)             Requested size: 323.80824pt x 119.74298pt.


File: ../images/logo_fpuna.png Graphic file (type png)
<use ../images/logo_fpuna.png>
Package pdftex.def Info: ../images/logo_fpuna.png  used on input line 471.
(pdftex.def)             Requested size: 15.1948pt x 22.76228pt.
[20

 <../predicciones/prediccion_ladrillo_lstm/resultados_con_covid/final_06_prediccion_futura_completa.png>]
<../predicciones/prediccion_cemento_gru/prediccion_sin_covid/final_06_prediccion_futura_completa.png, id=355, 1145.7204pt x 423.5022pt>
File: ../predicciones/prediccion_cemento_gru/prediccion_sin_covid/final_06_prediccion_futura_completa.png Graphic file (type png)
<use ../predicciones/prediccion_cemento_gru/prediccion_sin_covid/final_06_prediccion_futura_completa.png>
Package pdftex.def Info: ../predicciones/prediccion_cemento_gru/prediccion_sin_covid/final_06_prediccion_futura_completa.png  used on input line 498.
(pdftex.def)             Requested size: 323.80824pt x 119.69128pt.


File: ../images/logo_fpuna.png Graphic file (type png)
<use ../images/logo_fpuna.png>
Package pdftex.def Info: ../images/logo_fpuna.png  used on input line 498.
(pdftex.def)             Requested size: 15.1948pt x 22.76228pt.
[21

 <../predicciones/prediccion_cemento_gru/prediccion_sin_covid/final_06_prediccion_futura_completa.png>]
<../predicciones/prediccion_cemento_gru/resultados_con_covid/final_06_prediccion_futura_completa.png, id=363, 1145.7204pt x 423.5022pt>
File: ../predicciones/prediccion_cemento_gru/resultados_con_covid/final_06_prediccion_futura_completa.png Graphic file (type png)
<use ../predicciones/prediccion_cemento_gru/resultados_con_covid/final_06_prediccion_futura_completa.png>
Package pdftex.def Info: ../predicciones/prediccion_cemento_gru/resultados_con_covid/final_06_prediccion_futura_completa.png  used on input line 522.
(pdftex.def)             Requested size: 323.80824pt x 119.69128pt.


File: ../images/logo_fpuna.png Graphic file (type png)
<use ../images/logo_fpuna.png>
Package pdftex.def Info: ../images/logo_fpuna.png  used on input line 522.
(pdftex.def)             Requested size: 15.1948pt x 22.76228pt.
[22

 <../predicciones/prediccion_cemento_gru/resultados_con_covid/final_06_prediccion_futura_completa.png>]
<../predicciones/prediccion_ladrillo_gru/resultados_sin_covid/final_06_prediccion_futura_completa.png, id=372, 1145.2386pt x 423.5022pt>
File: ../predicciones/prediccion_ladrillo_gru/resultados_sin_covid/final_06_prediccion_futura_completa.png Graphic file (type png)
<use ../predicciones/prediccion_ladrillo_gru/resultados_sin_covid/final_06_prediccion_futura_completa.png>
Package pdftex.def Info: ../predicciones/prediccion_ladrillo_gru/resultados_sin_covid/final_06_prediccion_futura_completa.png  used on input line 546.
(pdftex.def)             Requested size: 323.80824pt x 119.74298pt.


File: ../images/logo_fpuna.png Graphic file (type png)
<use ../images/logo_fpuna.png>
Package pdftex.def Info: ../images/logo_fpuna.png  used on input line 546.
(pdftex.def)             Requested size: 15.1948pt x 22.76228pt.
[23

 <../predicciones/prediccion_ladrillo_gru/resultados_sin_covid/final_06_prediccion_futura_completa.png>]
<../predicciones/prediccion_ladrillo_gru/resultados_con_covid/final_06_prediccion_futura_completa.png, id=381, 1145.2386pt x 423.5022pt>
File: ../predicciones/prediccion_ladrillo_gru/resultados_con_covid/final_06_prediccion_futura_completa.png Graphic file (type png)
<use ../predicciones/prediccion_ladrillo_gru/resultados_con_covid/final_06_prediccion_futura_completa.png>
Package pdftex.def Info: ../predicciones/prediccion_ladrillo_gru/resultados_con_covid/final_06_prediccion_futura_completa.png  used on input line 570.
(pdftex.def)             Requested size: 323.80824pt x 119.74298pt.


File: ../images/logo_fpuna.png Graphic file (type png)
<use ../images/logo_fpuna.png>
Package pdftex.def Info: ../images/logo_fpuna.png  used on input line 570.
(pdftex.def)             Requested size: 15.1948pt x 22.76228pt.
[24

 <../predicciones/prediccion_ladrillo_gru/resultados_con_covid/final_06_prediccion_futura_completa.png>]

File: ../images/logo_fpuna.png Graphic file (type png)
<use ../images/logo_fpuna.png>
Package pdftex.def Info: ../images/logo_fpuna.png  used on input line 602.
(pdftex.def)             Requested size: 15.1948pt x 22.76228pt.
[25

]

File: ../images/logo_fpuna.png Graphic file (type png)
<use ../images/logo_fpuna.png>
Package pdftex.def Info: ../images/logo_fpuna.png  used on input line 631.
(pdftex.def)             Requested size: 15.1948pt x 22.76228pt.
[26

]

File: ../images/logo_fpuna.png Graphic file (type png)
<use ../images/logo_fpuna.png>
Package pdftex.def Info: ../images/logo_fpuna.png  used on input line 650.
(pdftex.def)             Requested size: 15.1948pt x 22.76228pt.
[27

]

File: ../images/logo_fpuna.png Graphic file (type png)
<use ../images/logo_fpuna.png>
Package pdftex.def Info: ../images/logo_fpuna.png  used on input line 672.
(pdftex.def)             Requested size: 15.1948pt x 22.76228pt.
[28

]

File: ../images/logo_fpuna.png Graphic file (type png)
<use ../images/logo_fpuna.png>
Package pdftex.def Info: ../images/logo_fpuna.png  used on input line 688.
(pdftex.def)             Requested size: 15.1948pt x 22.76228pt.
[29

]
Overfull \vbox (1.06094pt too high) detected at line 708
 []



File: ../images/logo_fpuna.png Graphic file (type png)
<use ../images/logo_fpuna.png>
Package pdftex.def Info: ../images/logo_fpuna.png  used on input line 708.
(pdftex.def)             Requested size: 15.1948pt x 22.76228pt.
[30

]
File: ../images/logo_universidad_nacional.png Graphic file (type png)
<use ../images/logo_universidad_nacional.png>
Package pdftex.def Info: ../images/logo_universidad_nacional.png  used on input line 730.
(pdftex.def)             Requested size: 34.14278pt x 34.14322pt.
File: ../images/logo_fpuna.png Graphic file (type png)
<use ../images/logo_fpuna.png>
Package pdftex.def Info: ../images/logo_fpuna.png  used on input line 730.
(pdftex.def)             Requested size: 22.79404pt x 34.14322pt.


File: ../images/logo_fpuna.png Graphic file (type png)
<use ../images/logo_fpuna.png>
Package pdftex.def Info: ../images/logo_fpuna.png  used on input line 730.
(pdftex.def)             Requested size: 15.1948pt x 22.76228pt.
[31

]
\tf@nav=\write6
\openout6 = `slides.nav'.

\tf@toc=\write7
\openout7 = `slides.toc'.

\tf@snm=\write8
\openout8 = `slides.snm'.

 (slides.aux
LaTeX Info: Redefining \. on input line 11.
LaTeX Info: Redefining \% on input line 11.
)
 ***********
LaTeX2e <2025-06-01> patch level 1
L3 programming layer <2025-10-09>
 ***********
Package rerunfilecheck Info: File `slides.out' has not changed.
(rerunfilecheck)             Checksum: A7F9F8EB58D1206DC463665DB13767D5;1383.
 ) 
Here is how much of TeX's memory you used:
 23921 strings out of 468079
 473534 string characters out of 5425750
 847490 words of memory out of 5000000
 52026 multiletter control sequences out of 15000+600000
 642424 words of font info for 93 fonts, out of 8000000 for 9000
 1141 hyphenation exceptions out of 8191
 128i,16n,123p,432b,1006s stack positions out of 10000i,1000n,20000p,200000b,200000s
<C:/Users/diego/AppData/Local/Programs/MiKTeX/fonts/type1/public/amsfonts/cm/cmmi10.pfb><C:/Users/diego/AppData/Local/Programs/MiKTeX/fonts/type1/public/amsfonts/cm/cmmi12.pfb><C:/Users/diego/AppData/Local/Programs/MiKTeX/fonts/type1/public/amsfonts/cm/cmss10.pfb><C:/Users/diego/AppData/Local/Programs/MiKTeX/fonts/type1/public/amsfonts/cm/cmss12.pfb><C:/Users/diego/AppData/Local/Programs/MiKTeX/fonts/type1/public/amsfonts/cm/cmss17.pfb><C:/Users/diego/AppData/Local/Programs/MiKTeX/fonts/type1/public/amsfonts/cm/cmss8.pfb><C:/Users/diego/AppData/Local/Programs/MiKTeX/fonts/type1/public/amsfonts/cm/cmssbx10.pfb><C:/Users/diego/AppData/Local/Programs/MiKTeX/fonts/type1/public/amsfonts/cm/cmssi10.pfb><C:/Users/diego/AppData/Local/Programs/MiKTeX/fonts/type1/public/amsfonts/cm/cmssi12.pfb><C:/Users/diego/AppData/Local/Programs/MiKTeX/fonts/type1/public/amsfonts/cm/cmsy10.pfb><C:/Users/diego/AppData/Local/Programs/MiKTeX/fonts/type1/public/amsfonts/cm/cmsy8.pfb><C:/Users/diego/AppData/Local/Programs/MiKTeX/fonts/type1/public/amsfonts/cm/cmtt10.pfb><C:/Users/diego/AppData/Local/Programs/MiKTeX/fonts/type1/public/amsfonts/cm/cmtt12.pfb>
Output written on slides.pdf (31 pages, 2288321 bytes).
PDF statistics:
 514 PDF objects out of 1000 (max. 8388607)
 73 named destinations out of 1000 (max. 500000)
 528 words of extra memory for PDF output out of 10000 (max. 10000000)

